<?xml version="1.0" encoding="UTF-8"?>
<!-- Generated by org.testng.reporters.JUnitReportReporter -->
<testsuite hostname="DESKTOP-96NUCQ1" failures="0" tests="9" name="crossbrowser.test.CrossBrowserTests" time="278.952" errors="0" timestamp="2023-07-13T08:44:19 IST" skipped="0">
  <testcase classname="crossbrowser.test.CrossBrowserTests" name="verifyLinkedIn" time="28.937"/>
  <system-out/>
  <testcase classname="crossbrowser.test.CrossBrowserTests" name="validLoginTest" time="49.563"/>
  <system-out/>
  <testcase classname="crossbrowser.test.CrossBrowserTests" name="verifyLinkedIn" time="45.401"/>
  <system-out/>
  <testcase classname="crossbrowser.test.CrossBrowserTests" name="validLoginTest" time="43.135"/>
  <system-out/>
  <testcase classname="crossbrowser.test.CrossBrowserTests" name="invalidLoginTest" time="23.474"/>
  <system-out/>
  <testcase classname="crossbrowser.test.CrossBrowserTests" name="validLoginTest" time="23.819"/>
  <system-out/>
  <testcase classname="crossbrowser.test.CrossBrowserTests" name="verifyLinkedIn" time="36.325"/>
  <system-out/>
  <testcase classname="crossbrowser.test.CrossBrowserTests" name="invalidLoginTest" time="17.152"/>
  <system-out/>
  <testcase classname="crossbrowser.test.CrossBrowserTests" name="invalidLoginTest" time="11.146"/>
  <system-out/>
</testsuite> <!-- crossbrowser.test.CrossBrowserTests -->
