<?xml version="1.0" encoding="UTF-8"?>
<!-- Generated by org.testng.reporters.JUnitReportReporter -->
<testsuite hostname="DESKTOP-96NUCQ1" failures="0" tests="3" name="depends.on.ParallelTestsExampleWithThread" time="70.141" errors="0" timestamp="2023-07-12T20:46:20 IST" skipped="0">
  <testcase classname="depends.on.ParallelTestsExampleWithThread" name="validLoginTest" time="25.556"/>
  <system-out/>
  <testcase classname="depends.on.ParallelTestsExampleWithThread" name="invalidLoginTest" time="22.274"/>
  <system-out/>
  <testcase classname="depends.on.ParallelTestsExampleWithThread" name="blankLoginTest" time="22.311"/>
  <system-out/>
</testsuite> <!-- depends.on.ParallelTestsExampleWithThread -->
