<?xml version="1.0" encoding="UTF-8"?>
<!-- Generated by org.testng.reporters.JUnitReportReporter -->
<testsuite hostname="DESKTOP-96NUCQ1" failures="0" tests="3" name="dataprovider.demo.DataProviderInheritanceDemo" time="147.447" errors="0" timestamp="2023-07-14T11:53:00 IST" skipped="0">
  <testcase classname="dataprovider.demo.DataProviderInheritanceDemo" name="search" time="63.384"/>
  <system-out/>
  <testcase classname="dataprovider.demo.DataProviderInheritanceDemo" name="search" time="35.333"/>
  <system-out/>
  <testcase classname="dataprovider.demo.DataProviderInheritanceDemo" name="search" time="48.730"/>
  <system-out/>
</testsuite> <!-- dataprovider.demo.DataProviderInheritanceDemo -->
