<?xml version="1.0" encoding="UTF-8"?>
<!-- Generated by org.testng.reporters.JUnitReportReporter -->
<testsuite hostname="DESKTOP-96NUCQ1" failures="0" tests="2" name="dataprovider.demo.DataProviderDemo" time="21.747" errors="0" timestamp="2023-07-14T11:40:24 IST" skipped="0">
  <testcase classname="dataprovider.demo.DataProviderDemo" name="search" time="12.406"/>
  <system-out/>
  <testcase classname="dataprovider.demo.DataProviderDemo" name="search" time="9.341"/>
  <system-out/>
</testsuite> <!-- dataprovider.demo.DataProviderDemo -->
