<?xml version="1.0" encoding="UTF-8"?>
<!-- Generated by org.testng.reporters.JUnitReportReporter -->
<testsuite hostname="DESKTOP-96NUCQ1" failures="0" tests="5" name="depends.on.TestInvocationCount" time="38.623" errors="0" timestamp="2023-07-12T19:40:02 IST" skipped="0">
  <testcase classname="depends.on.TestInvocationCount" name="validLoginTest" time="7.587"/>
  <system-out/>
  <testcase classname="depends.on.TestInvocationCount" name="verifyLinkedIn" time="7.285"/>
  <system-out/>
  <testcase classname="depends.on.TestInvocationCount" name="verifyLinkedIn" time="7.931"/>
  <system-out/>
  <testcase classname="depends.on.TestInvocationCount" name="verifyLinkedIn" time="8.784"/>
  <system-out/>
  <testcase classname="depends.on.TestInvocationCount" name="validLoginTest" time="7.036"/>
  <system-out/>
</testsuite> <!-- depends.on.TestInvocationCount -->
