<?xml version="1.0" encoding="UTF-8"?>
<!-- Generated by org.testng.reporters.JUnitReportReporter -->
<testsuite hostname="DESKTOP-96NUCQ1" failures="0" tests="4" name="testng.features.TestNGParameterizationDemo" time="36.082" errors="0" timestamp="2023-07-12T17:29:26 IST" skipped="0">
  <testcase classname="testng.features.TestNGParameterizationDemo" name="validCredentials" time="12.178"/>
  <system-out/>
  <testcase classname="testng.features.TestNGParameterizationDemo" name="validCredentials" time="6.689"/>
  <system-out/>
  <testcase classname="testng.features.TestNGParameterizationDemo" name="invalidCredentials" time="5.088"/>
  <system-out/>
  <testcase classname="testng.features.TestNGParameterizationDemo" name="invalidCredentials" time="12.127"/>
  <system-out/>
</testsuite> <!-- testng.features.TestNGParameterizationDemo -->
