<?xml version="1.0" encoding="UTF-8"?>
<!-- Generated by org.testng.reporters.JUnitReportReporter -->
<testsuite hostname="DESKTOP-96NUCQ1" failures="0" tests="3" name="parallel.dataproviders.DataProviderParallelTests" time="44.773" errors="0" timestamp="2023-07-14T14:20:19 IST" skipped="0">
  <testcase classname="parallel.dataproviders.DataProviderParallelTests" name="invalidLoginTest" time="14.725"/>
  <system-out/>
  <testcase classname="parallel.dataproviders.DataProviderParallelTests" name="invalidLoginTest" time="14.098"/>
  <system-out/>
  <testcase classname="parallel.dataproviders.DataProviderParallelTests" name="invalidLoginTest" time="15.950"/>
  <system-out/>
</testsuite> <!-- parallel.dataproviders.DataProviderParallelTests -->
