<?xml version="1.0" encoding="UTF-8"?>
<!-- Generated by org.testng.reporters.JUnitReportReporter -->
<testsuite hostname="DESKTOP-96NUCQ1" failures="0" tests="4" name="depends.on.ParallelTestsExample" time="93.571" errors="0" timestamp="2023-07-13T08:45:37 IST" skipped="0">
  <testcase classname="depends.on.ParallelTestsExample" name="forgotLinkTest" time="39.569"/>
  <system-out/>
  <testcase classname="depends.on.ParallelTestsExample" name="verifyLinkedIn" time="19.062"/>
  <system-out/>
  <testcase classname="depends.on.ParallelTestsExample" name="invalidLoginTest" time="19.246"/>
  <system-out/>
  <testcase classname="depends.on.ParallelTestsExample" name="validLoginTest" time="15.694"/>
  <system-out/>
</testsuite> <!-- depends.on.ParallelTestsExample -->
