<?xml version="1.0" encoding="UTF-8"?>
<!-- Generated by org.testng.reporters.JUnitReportReporter -->
<testsuite hostname="DESKTOP-96NUCQ1" failures="0" tests="5" name="depends.on.TestNGGroupDemo" time="0.025" errors="0" timestamp="2023-07-12T19:17:04 IST" skipped="0">
  <testcase classname="depends.on.TestNGGroupDemo" name="testingAcceptanceMessage" time="0.002"/>
  <system-out/>
  <testcase classname="depends.on.TestNGGroupDemo" name="testE2EAndAcceptanceMessage" time="0.004"/>
  <system-out/>
  <testcase classname="depends.on.TestNGGroupDemo" name="testE2EAndAcceptanceAndIntegrationMessage" time="0.011"/>
  <system-out/>
  <testcase classname="depends.on.TestNGGroupDemo" name="testE2EMessage" time="0.004"/>
  <system-out/>
  <testcase classname="depends.on.TestNGGroupDemo" name="testPrintMessage" time="0.004"/>
  <system-out/>
</testsuite> <!-- depends.on.TestNGGroupDemo -->
