<?xml version="1.0" encoding="UTF-8"?>
<!-- Generated by org.testng.reporters.JUnitReportReporter -->
<testsuite hostname="DESKTOP-96NUCQ1" failures="0" tests="2" name="testng.features.AnnotationsExample" time="0.012" errors="0" timestamp="2023-07-12T11:51:05 IST" skipped="0">
  <testcase classname="testng.features.AnnotationsExample" name="logout" time="0.003"/>
  <system-out/>
  <testcase classname="testng.features.AnnotationsExample" name="loginTest" time="0.009"/>
  <system-out/>
</testsuite> <!-- testng.features.AnnotationsExample -->
