<?xml version="1.0" encoding="UTF-8"?>
<!-- Generated by org.testng.reporters.JUnitReportReporter -->
<testsuite hostname="DESKTOP-96NUCQ1" failures="0" tests="3" name="dataprovider.demo.MultipleDataProviderInheritanceDemo" time="16.759" errors="0" timestamp="2023-07-14T11:58:07 IST" skipped="0">
  <testcase classname="dataprovider.demo.MultipleDataProviderInheritanceDemo" name="search" time="6.834"/>
  <system-out/>
  <testcase classname="dataprovider.demo.MultipleDataProviderInheritanceDemo" name="search" time="5.054"/>
  <system-out/>
  <testcase classname="dataprovider.demo.MultipleDataProviderInheritanceDemo" name="search" time="4.871"/>
  <system-out/>
</testsuite> <!-- dataprovider.demo.MultipleDataProviderInheritanceDemo -->
