<?xml version="1.0" encoding="UTF-8"?>
<!-- Generated by org.testng.reporters.JUnitReportReporter -->
<testsuite hostname="DESKTOP-96NUCQ1" failures="0" tests="2" name="testng.features.TestNGRunFromCommandLine" time="16.263" errors="0" timestamp="12 Jul 2023 11:34:11 GMT" skipped="0">
  <testcase classname="testng.features.TestNGRunFromCommandLine" name="verifyLoginPage" time="8.190"/>
  <testcase classname="testng.features.TestNGRunFromCommandLine" name="verifyHomePage" time="8.073"/>
</testsuite> <!-- testng.features.TestNGRunFromCommandLine -->
